<?xml version="1.0" encoding="UTF-8"?>
<testsuite xmlns:xsi="http://www.w3.org/2001/XMLSchema-instance" xsi:noNamespaceSchemaLocation="https://maven.apache.org/surefire/maven-surefire-plugin/xsd/surefire-test-report.xsd" version="3.0.1" name="com.qualizeal.AppTest" time="0.1" tests="9" errors="0" skipped="0" failures="0">
  <properties>
    <property name="java.specification.version" value="17"/>
    <property name="sun.cpu.isalist" value="amd64"/>
    <property name="sun.jnu.encoding" value="Cp1252"/>
    <property name="java.class.path" value="D:\Sriya\java-app-04\target\test-classes;D:\Sriya\java-app-04\target\classes;C:\Users\QualiZeal.DESKTOP-9PU3IDO\.m2\repository\org\junit\jupiter\junit-jupiter-api\5.11.0\junit-jupiter-api-5.11.0.jar;C:\Users\QualiZeal.DESKTOP-9PU3IDO\.m2\repository\org\opentest4j\opentest4j\1.3.0\opentest4j-1.3.0.jar;C:\Users\QualiZeal.DESKTOP-9PU3IDO\.m2\repository\org\junit\platform\junit-platform-commons\1.11.0\junit-platform-commons-1.11.0.jar;C:\Users\QualiZeal.DESKTOP-9PU3IDO\.m2\repository\org\apiguardian\apiguardian-api\1.1.2\apiguardian-api-1.1.2.jar;C:\Users\QualiZeal.DESKTOP-9PU3IDO\.m2\repository\org\junit\jupiter\junit-jupiter-params\5.11.0\junit-jupiter-params-5.11.0.jar;"/>
    <property name="java.vm.vendor" value="Oracle Corporation"/>
    <property name="sun.arch.data.model" value="64"/>
    <property name="user.variant" value=""/>
    <property name="java.vendor.url" value="https://java.oracle.com/"/>
    <property name="user.timezone" value="Asia/Calcutta"/>
    <property name="os.name" value="Windows 10"/>
    <property name="java.vm.specification.version" value="17"/>
    <property name="sun.java.launcher" value="SUN_STANDARD"/>
    <property name="user.country" value="IN"/>
    <property name="sun.boot.library.path" value="C:\Program Files\Java\jdk-17\bin"/>
    <property name="sun.java.command" value="C:\Users\QualiZeal.DESKTOP-9PU3IDO\AppData\Local\Temp\surefire8091301002685961100\surefirebooter-20241025112408385_3.jar C:\Users\QualiZeal.DESKTOP-9PU3IDO\AppData\Local\Temp\surefire8091301002685961100 2024-10-25T11-24-08_235-jvmRun1 surefire-20241025112408385_1tmp surefire_0-20241025112408385_2tmp"/>
    <property name="jdk.debug" value="release"/>
    <property name="surefire.test.class.path" value="D:\Sriya\java-app-04\target\test-classes;D:\Sriya\java-app-04\target\classes;C:\Users\QualiZeal.DESKTOP-9PU3IDO\.m2\repository\org\junit\jupiter\junit-jupiter-api\5.11.0\junit-jupiter-api-5.11.0.jar;C:\Users\QualiZeal.DESKTOP-9PU3IDO\.m2\repository\org\opentest4j\opentest4j\1.3.0\opentest4j-1.3.0.jar;C:\Users\QualiZeal.DESKTOP-9PU3IDO\.m2\repository\org\junit\platform\junit-platform-commons\1.11.0\junit-platform-commons-1.11.0.jar;C:\Users\QualiZeal.DESKTOP-9PU3IDO\.m2\repository\org\apiguardian\apiguardian-api\1.1.2\apiguardian-api-1.1.2.jar;C:\Users\QualiZeal.DESKTOP-9PU3IDO\.m2\repository\org\junit\jupiter\junit-jupiter-params\5.11.0\junit-jupiter-params-5.11.0.jar;"/>
    <property name="sun.cpu.endian" value="little"/>
    <property name="user.home" value="C:\Users\QualiZeal.DESKTOP-9PU3IDO"/>
    <property name="user.language" value="en"/>
    <property name="java.specification.vendor" value="Oracle Corporation"/>
    <property name="java.version.date" value="2024-04-16"/>
    <property name="java.home" value="C:\Program Files\Java\jdk-17"/>
    <property name="file.separator" value="\"/>
    <property name="basedir" value="D:\Sriya\java-app-04"/>
    <property name="java.vm.compressedOopsMode" value="Zero based"/>
    <property name="line.separator" value="&#10;"/>
    <property name="java.vm.specification.vendor" value="Oracle Corporation"/>
    <property name="java.specification.name" value="Java Platform API Specification"/>
    <property name="surefire.real.class.path" value="C:\Users\QualiZeal.DESKTOP-9PU3IDO\AppData\Local\Temp\surefire8091301002685961100\surefirebooter-20241025112408385_3.jar"/>
    <property name="user.script" value=""/>
    <property name="sun.management.compiler" value="HotSpot 64-Bit Tiered Compilers"/>
    <property name="java.runtime.version" value="17.0.11+7-LTS-207"/>
    <property name="user.name" value="QualiZeal"/>
    <property name="path.separator" value=";"/>
    <property name="os.version" value="10.0"/>
    <property name="java.runtime.name" value="Java(TM) SE Runtime Environment"/>
    <property name="file.encoding" value="Cp1252"/>
    <property name="java.vm.name" value="Java HotSpot(TM) 64-Bit Server VM"/>
    <property name="localRepository" value="C:\Users\QualiZeal.DESKTOP-9PU3IDO\.m2\repository"/>
    <property name="java.vendor.url.bug" value="https://bugreport.java.com/bugreport/"/>
    <property name="java.io.tmpdir" value="C:\Users\QUALIZ~1.DES\AppData\Local\Temp\"/>
    <property name="java.version" value="17.0.11"/>
    <property name="user.dir" value="D:\Sriya\java-app-04"/>
    <property name="os.arch" value="amd64"/>
    <property name="java.vm.specification.name" value="Java Virtual Machine Specification"/>
    <property name="sun.os.patch.level" value=""/>
    <property name="native.encoding" value="Cp1252"/>
    <property name="java.library.path" value="C:\Program Files\Java\jdk-17\bin;C:\Windows\Sun\Java\bin;C:\Windows\system32;C:\Windows;C:\Program Files\Common Files\Oracle\Java\javapath;C:\Windows\system32;C:\Windows;C:\Windows\System32\Wbem;C:\Windows\System32\WindowsPowerShell\v1.0\;C:\Windows\System32\OpenSSH\;C:\Users\QualiZeal\Downloads\apache-maven-3.9.6-bin\apache-maven-3.9.6\bin;C:\Users\QualiZeal.DESKTOP-9PU3IDO\AppData\Local\Microsoft\WindowsApps;C:\Program Files\Java\jdk-17\bin;C:\Users\QualiZeal.DESKTOP-9PU3IDO\Downloads\apache-maven-3.9.9-bin\apache-maven-3.9.9\bin;C:\Users\QualiZeal.DESKTOP-9PU3IDO\AppData\Local\GitHubDesktop\bin;C:\Users\QualiZeal.DESKTOP-9PU3IDO\Downloads\PortableGit\bin;;."/>
    <property name="java.vm.info" value="mixed mode, sharing"/>
    <property name="java.vendor" value="Oracle Corporation"/>
    <property name="java.vm.version" value="17.0.11+7-LTS-207"/>
    <property name="sun.io.unicode.encoding" value="UnicodeLittle"/>
    <property name="java.class.version" value="61.0"/>
  </properties>
  <testcase name="test1" classname="com.qualizeal.AppTest" time="0.033"/>
  <testcase name="test2" classname="com.qualizeal.AppTest" time="0.001"/>
  <testcase name="test3(int, int)[1]" classname="com.qualizeal.AppTest" time="0.012"/>
  <testcase name="test4(int, int)[1]" classname="com.qualizeal.AppTest" time="0.0"/>
  <testcase name="test4(int, int)[2]" classname="com.qualizeal.AppTest" time="0.0"/>
  <testcase name="test4(int, int)[3]" classname="com.qualizeal.AppTest" time="0.0"/>
  <testcase name="test5(int, int)[1]" classname="com.qualizeal.AppTest" time="0.0"/>
  <testcase name="test5(int, int)[2]" classname="com.qualizeal.AppTest" time="0.0"/>
  <testcase name="test5(int, int)[3]" classname="com.qualizeal.AppTest" time="0.0"/>
</testsuite>